[debug] [2024-10-26T10:21:16.962Z] ----------------------------------------------------------------------
[debug] [2024-10-26T10:21:16.973Z] Command:       C:\Program Files\nodejs\node.exe C:\Program Files\nodejs\node_modules\firebase-tools\lib\bin\firebase.js deploy
[debug] [2024-10-26T10:21:16.975Z] CLI Version:   13.19.0
[debug] [2024-10-26T10:21:16.976Z] Platform:      win32
[debug] [2024-10-26T10:21:16.976Z] Node Version:  v18.20.4
[debug] [2024-10-26T10:21:16.984Z] Time:          Sat Oct 26 2024 11:21:16 GMT+0100 (غرينتش+01:00)
[debug] [2024-10-26T10:21:16.986Z] ----------------------------------------------------------------------
[debug] 
[debug] [2024-10-26T10:21:17.006Z] >>> [apiv2][query] GET https://firebase-public.firebaseio.com/cli.json [none]
[debug] [2024-10-26T10:21:17.547Z] > command requires scopes: ["email","openid","https://www.googleapis.com/auth/cloudplatformprojects.readonly","https://www.googleapis.com/auth/firebase","https://www.googleapis.com/auth/cloud-platform"]
[debug] [2024-10-26T10:21:17.548Z] > authorizing via signed-in user (csmartgamers@gmail.com)
[debug] [2024-10-26T10:21:17.549Z] [iam] checking project delivered-fe351 for permissions ["firebase.projects.get","firebasehosting.sites.update"]
[debug] [2024-10-26T10:21:17.552Z] > refreshing access token with scopes: []
[debug] [2024-10-26T10:21:17.556Z] >>> [apiv2][query] POST https://www.googleapis.com/oauth2/v3/token [none]
[debug] [2024-10-26T10:21:17.557Z] >>> [apiv2][body] POST https://www.googleapis.com/oauth2/v3/token [omitted]
[debug] [2024-10-26T10:21:17.944Z] <<< [apiv2][status] POST https://www.googleapis.com/oauth2/v3/token 200
[debug] [2024-10-26T10:21:17.945Z] <<< [apiv2][body] POST https://www.googleapis.com/oauth2/v3/token [omitted]
[debug] [2024-10-26T10:21:17.978Z] >>> [apiv2][query] POST https://cloudresourcemanager.googleapis.com/v1/projects/delivered-fe351:testIamPermissions [none]
[debug] [2024-10-26T10:21:17.979Z] >>> [apiv2][(partial)header] POST https://cloudresourcemanager.googleapis.com/v1/projects/delivered-fe351:testIamPermissions x-goog-quota-user=projects/delivered-fe351
[debug] [2024-10-26T10:21:17.980Z] >>> [apiv2][body] POST https://cloudresourcemanager.googleapis.com/v1/projects/delivered-fe351:testIamPermissions {"permissions":["firebase.projects.get","firebasehosting.sites.update"]}
[debug] [2024-10-26T10:21:18.028Z] <<< [apiv2][status] GET https://firebase-public.firebaseio.com/cli.json 200
[debug] [2024-10-26T10:21:18.028Z] <<< [apiv2][body] GET https://firebase-public.firebaseio.com/cli.json {"cloudBuildErrorAfter":1594252800000,"cloudBuildWarnAfter":1590019200000,"defaultNode10After":1594252800000,"minVersion":"3.0.5","node8DeploysDisabledAfter":1613390400000,"node8RuntimeDisabledAfter":1615809600000,"node8WarnAfter":1600128000000}
[debug] [2024-10-26T10:21:19.199Z] <<< [apiv2][status] POST https://cloudresourcemanager.googleapis.com/v1/projects/delivered-fe351:testIamPermissions 200
[debug] [2024-10-26T10:21:19.200Z] <<< [apiv2][body] POST https://cloudresourcemanager.googleapis.com/v1/projects/delivered-fe351:testIamPermissions {}
[debug] [2024-10-26T10:21:19.201Z] [iam] error while checking permissions, command may fail: FirebaseError: Authorization failed. This account is missing the following required permissions on project delivered-fe351:

  firebase.projects.get
  firebasehosting.sites.update
[debug] [2024-10-26T10:21:19.209Z] >>> [apiv2][query] GET https://firebase.googleapis.com/v1beta1/projects/delivered-fe351 [none]
[debug] [2024-10-26T10:21:20.017Z] <<< [apiv2][status] GET https://firebase.googleapis.com/v1beta1/projects/delivered-fe351 403
[debug] [2024-10-26T10:21:20.018Z] <<< [apiv2][body] GET https://firebase.googleapis.com/v1beta1/projects/delivered-fe351 {"error":{"code":403,"message":"The caller does not have permission","status":"PERMISSION_DENIED"}}
[debug] [2024-10-26T10:21:20.022Z] HTTP Error: 403, The caller does not have permission
[debug] [2024-10-26T10:21:20.518Z] FirebaseError: HTTP Error: 403, The caller does not have permission
    at responseToError (C:\Users\hp\AppData\Roaming\nvm\v18.20.4\node_modules\firebase-tools\lib\responseToError.js:49:12)
    at RetryOperation._fn (C:\Users\hp\AppData\Roaming\nvm\v18.20.4\node_modules\firebase-tools\lib\apiv2.js:305:77)
    at process.processTicksAndRejections (node:internal/process/task_queues:95:5)
[error] 
[error] Error: Failed to get Firebase project delivered-fe351. Please make sure the project exists and your account has permission to access it.
